
================================================================================
Browse.__init__ called
  username=Marcus
  primary_role=student
  profile_id=None
  roles=['student']
================================================================================

================================================================================
Browse.__init__ called
  username=Marcus
  primary_role=student
  profile_id=None
  roles=['student']
================================================================================

================================================================================
Browse.__init__ called
  username=Marcus
  primary_role=student
  profile_id=None
  roles=['student']
================================================================================

================================================================================
Browse.__init__ called
  username=Marcus
  primary_role=student
  profile_id=None
  roles=['student']
================================================================================

================================================================================
Browse.__init__ called
  username=Marcus
  primary_role=student
  profile_id=None
  roles=['student']
================================================================================
